build/app/intermediates/manifest_merge_blame_file/release/manifest-merger-blame-release-report.txt
1<?xml version="1.0" encoding="utf-8"?>
2<manifest xmlns:android="http://schemas.android.com/apk/res/android"
3    package="com.wildvines.visitor_tracker"
4    android:versionCode="1"
5    android:versionName="1.0.0" >
6
7    <uses-sdk
8        android:minSdkVersion="23"
8-->src\main\AndroidManifest.xml
9        android:targetSdkVersion="30" />
9-->src\main\AndroidManifest.xml
10
11    <uses-permission android:name="android.permission.INTERNET" />
11-->src\main\AndroidManifest.xml:2:2-64
11-->src\main\AndroidManifest.xml:2:19-61
12    <uses-permission android:name="android.permission.CAMERA" />
12-->src\main\AndroidManifest.xml:3:2-62
12-->src\main\AndroidManifest.xml:3:19-59
13    <uses-permission android:name="android.permission.WAKE_LOCK" />
13-->[:firebase_messaging] AndroidManifest.xml:8:5-68
13-->[:firebase_messaging] AndroidManifest.xml:8:22-65
14    <uses-permission android:name="android.permission.ACCESS_NETWORK_STATE" />
14-->[:firebase_messaging] AndroidManifest.xml:9:5-79
14-->[:firebase_messaging] AndroidManifest.xml:9:22-76
15    <uses-permission android:name="android.permission.RECEIVE_BOOT_COMPLETED" />
15-->[:flutter_local_notifications] AndroidManifest.xml:7:5-81
15-->[:flutter_local_notifications] AndroidManifest.xml:7:22-78
16    <uses-permission android:name="android.permission.VIBRATE" />
16-->[:flutter_local_notifications] AndroidManifest.xml:8:5-66
16-->[:flutter_local_notifications] AndroidManifest.xml:8:22-63
17    <uses-permission android:name="android.permission.USE_FULL_SCREEN_INTENT" /> <!-- Required by older versions of Google Play services to create IID tokens -->
17-->[:flutter_local_notifications] AndroidManifest.xml:9:5-81
17-->[:flutter_local_notifications] AndroidManifest.xml:9:22-78
18    <uses-permission android:name="com.google.android.c2dm.permission.RECEIVE" />
18-->[com.google.firebase:firebase-messaging:22.0.0] AndroidManifest.xml:25:5-82
18-->[com.google.firebase:firebase-messaging:22.0.0] AndroidManifest.xml:25:22-79
19    <uses-permission android:name="com.google.android.finsky.permission.BIND_GET_INSTALL_REFERRER_SERVICE" />
19-->[com.google.android.gms:play-services-measurement:19.0.0] AndroidManifest.xml:26:5-110
19-->[com.google.android.gms:play-services-measurement:19.0.0] AndroidManifest.xml:26:22-107
20
21    <application
21-->src\main\AndroidManifest.xml:4:2-36:16
22        android:appComponentFactory="androidx.core.app.CoreComponentFactory"
22-->[androidx.core:core:1.3.0] AndroidManifest.xml:24:18-86
23        android:extractNativeLibs="false"
24        android:icon="@mipmap/ic_launcher"
24-->src\main\AndroidManifest.xml:4:43-77
25        android:label="InfoTracker" >
25-->src\main\AndroidManifest.xml:4:15-42
26        <activity
26-->src\main\AndroidManifest.xml:5:3-29:14
27            android:name="com.example.visitor_tracker.MainActivity"
27-->src\main\AndroidManifest.xml:5:13-41
28            android:configChanges="orientation|keyboardHidden|keyboard|screenSize|smallestScreenSize|locale|layoutDirection|fontScale|screenLayout|density|uiMode"
28-->src\main\AndroidManifest.xml:5:108-258
29            android:hardwareAccelerated="true"
29-->src\main\AndroidManifest.xml:5:259-293
30            android:launchMode="singleTop"
30-->src\main\AndroidManifest.xml:5:42-72
31            android:theme="@style/LaunchTheme"
31-->src\main\AndroidManifest.xml:5:73-107
32            android:windowSoftInputMode="adjustResize" >
32-->src\main\AndroidManifest.xml:5:294-336
33
34            <!--
35			Specifies an Android theme to apply to this Activity as soon as
36			the Android process has started. This theme is visible to the user
37			while the Flutter UI initializes. After that, this theme continues
38			to determine the Window background behind the Flutter UI.
39            -->
40            <meta-data
40-->src\main\AndroidManifest.xml:12:4-111
41                android:name="io.flutter.embedding.android.NormalTheme"
41-->src\main\AndroidManifest.xml:12:15-70
42                android:resource="@style/NormalTheme" />
42-->src\main\AndroidManifest.xml:12:71-108
43            <!--
44			Displays an Android View that continues showing the launch screen
45			Drawable until Flutter paints its first frame, then this splash
46			screen fades out. A splash screen is useful to avoid any visual
47			gap between the end of Android's launch screen and the painting of
48			Flutter's first frame.
49            -->
50            <meta-data
50-->src\main\AndroidManifest.xml:20:4-129
51                android:name="io.flutter.embedding.android.SplashScreenDrawable"
51-->src\main\AndroidManifest.xml:20:15-79
52                android:resource="@drawable/launch_background" />
52-->src\main\AndroidManifest.xml:20:80-126
53
54            <intent-filter>
54-->src\main\AndroidManifest.xml:21:4-24:20
55                <action android:name="android.intent.action.MAIN" />
55-->src\main\AndroidManifest.xml:22:5-57
55-->src\main\AndroidManifest.xml:22:13-54
56
57                <category android:name="android.intent.category.LAUNCHER" />
57-->src\main\AndroidManifest.xml:23:5-65
57-->src\main\AndroidManifest.xml:23:15-62
58            </intent-filter>
59            <intent-filter>
59-->src\main\AndroidManifest.xml:25:4-28:20
60                <action android:name="FLUTTER_NOTIFICATION_CLICK" />
60-->src\main\AndroidManifest.xml:26:5-57
60-->src\main\AndroidManifest.xml:26:13-54
61
62                <category android:name="android.intent.category.DEFAULT" />
62-->src\main\AndroidManifest.xml:27:5-64
62-->src\main\AndroidManifest.xml:27:15-61
63            </intent-filter>
64        </activity>
65        <activity android:name="com.apptreesoftware.barcodescan.BarcodeScannerActivity" />
65-->src\main\AndroidManifest.xml:30:3-85
65-->src\main\AndroidManifest.xml:30:13-82
66        <!--
67		Don't delete the meta-data below.
68		This is used by the Flutter tool to generate GeneratedPluginRegistrant.java
69        -->
70        <meta-data
70-->src\main\AndroidManifest.xml:35:3-66
71            android:name="flutterEmbedding"
71-->src\main\AndroidManifest.xml:35:14-45
72            android:value="2" />
72-->src\main\AndroidManifest.xml:35:46-63
73
74        <service
74-->[:firebase_messaging] AndroidManifest.xml:12:9-15:72
75            android:name="io.flutter.plugins.firebase.messaging.FlutterFirebaseMessagingBackgroundService"
75-->[:firebase_messaging] AndroidManifest.xml:13:13-107
76            android:exported="false"
76-->[:firebase_messaging] AndroidManifest.xml:14:13-37
77            android:permission="android.permission.BIND_JOB_SERVICE" />
77-->[:firebase_messaging] AndroidManifest.xml:15:13-69
78        <service
78-->[:firebase_messaging] AndroidManifest.xml:16:9-22:19
79            android:name="io.flutter.plugins.firebase.messaging.FlutterFirebaseMessagingService"
79-->[:firebase_messaging] AndroidManifest.xml:17:13-97
80            android:exported="false" >
80-->[:firebase_messaging] AndroidManifest.xml:18:13-37
81            <intent-filter>
81-->[:firebase_messaging] AndroidManifest.xml:19:13-21:29
82                <action android:name="com.google.firebase.MESSAGING_EVENT" />
82-->[:firebase_messaging] AndroidManifest.xml:20:17-78
82-->[:firebase_messaging] AndroidManifest.xml:20:25-75
83            </intent-filter>
84        </service>
85
86        <receiver
86-->[:firebase_messaging] AndroidManifest.xml:24:9-31:20
87            android:name="io.flutter.plugins.firebase.messaging.FlutterFirebaseMessagingReceiver"
87-->[:firebase_messaging] AndroidManifest.xml:25:13-98
88            android:exported="true"
88-->[:firebase_messaging] AndroidManifest.xml:26:13-36
89            android:permission="com.google.android.c2dm.permission.SEND" >
89-->[:firebase_messaging] AndroidManifest.xml:27:13-73
90            <intent-filter>
90-->[:firebase_messaging] AndroidManifest.xml:28:13-30:29
91                <action android:name="com.google.android.c2dm.intent.RECEIVE" />
91-->[:firebase_messaging] AndroidManifest.xml:29:17-81
91-->[:firebase_messaging] AndroidManifest.xml:29:25-78
92            </intent-filter>
93        </receiver>
94
95        <service
95-->[:firebase_messaging] AndroidManifest.xml:33:9-37:19
96            android:name="com.google.firebase.components.ComponentDiscoveryService"
96-->[:firebase_messaging] AndroidManifest.xml:33:18-89
97            android:directBootAware="true"
97-->[com.google.firebase:firebase-common:20.0.0] AndroidManifest.xml:35:13-43
98            android:exported="false" >
98-->[com.google.firebase:firebase-messaging:22.0.0] AndroidManifest.xml:51:13-37
99            <meta-data
99-->[:firebase_messaging] AndroidManifest.xml:34:13-36:85
100                android:name="com.google.firebase.components:io.flutter.plugins.firebase.messaging.FlutterFirebaseAppRegistrar"
100-->[:firebase_messaging] AndroidManifest.xml:35:17-128
101                android:value="com.google.firebase.components.ComponentRegistrar" />
101-->[:firebase_messaging] AndroidManifest.xml:36:17-82
102            <meta-data
102-->[:cloud_firestore] AndroidManifest.xml:9:13-11:85
103                android:name="com.google.firebase.components:io.flutter.plugins.firebase.firestore.FlutterFirebaseFirestoreRegistrar"
103-->[:cloud_firestore] AndroidManifest.xml:10:17-134
104                android:value="com.google.firebase.components.ComponentRegistrar" />
104-->[:cloud_firestore] AndroidManifest.xml:11:17-82
105            <meta-data
105-->[:firebase_auth] AndroidManifest.xml:9:13-11:85
106                android:name="com.google.firebase.components:io.flutter.plugins.firebase.auth.FlutterFirebaseAuthRegistrar"
106-->[:firebase_auth] AndroidManifest.xml:10:17-124
107                android:value="com.google.firebase.components.ComponentRegistrar" />
107-->[:firebase_auth] AndroidManifest.xml:11:17-82
108            <meta-data
108-->[:firebase_core] AndroidManifest.xml:9:13-11:85
109                android:name="com.google.firebase.components:io.flutter.plugins.firebase.core.FlutterFirebaseCoreRegistrar"
109-->[:firebase_core] AndroidManifest.xml:10:17-124
110                android:value="com.google.firebase.components.ComponentRegistrar" />
110-->[:firebase_core] AndroidManifest.xml:11:17-82
111            <meta-data
111-->[com.google.firebase:firebase-messaging:22.0.0] AndroidManifest.xml:52:13-54:85
112                android:name="com.google.firebase.components:com.google.firebase.messaging.FirebaseMessagingRegistrar"
112-->[com.google.firebase:firebase-messaging:22.0.0] AndroidManifest.xml:53:17-119
113                android:value="com.google.firebase.components.ComponentRegistrar" />
113-->[com.google.firebase:firebase-messaging:22.0.0] AndroidManifest.xml:54:17-82
114            <meta-data
114-->[com.google.firebase:firebase-datatransport:18.0.0] AndroidManifest.xml:28:13-30:85
115                android:name="com.google.firebase.components:com.google.firebase.datatransport.TransportRegistrar"
115-->[com.google.firebase:firebase-datatransport:18.0.0] AndroidManifest.xml:29:17-115
116                android:value="com.google.firebase.components.ComponentRegistrar" />
116-->[com.google.firebase:firebase-datatransport:18.0.0] AndroidManifest.xml:30:17-82
117            <meta-data
117-->[com.google.firebase:firebase-auth:21.0.1] AndroidManifest.xml:77:13-79:85
118                android:name="com.google.firebase.components:com.google.firebase.auth.FirebaseAuthRegistrar"
118-->[com.google.firebase:firebase-auth:21.0.1] AndroidManifest.xml:78:17-109
119                android:value="com.google.firebase.components.ComponentRegistrar" />
119-->[com.google.firebase:firebase-auth:21.0.1] AndroidManifest.xml:79:17-82
120            <meta-data
120-->[com.google.firebase:firebase-firestore:23.0.0] AndroidManifest.xml:20:13-22:85
121                android:name="com.google.firebase.components:com.google.firebase.firestore.FirestoreRegistrar"
121-->[com.google.firebase:firebase-firestore:23.0.0] AndroidManifest.xml:21:17-111
122                android:value="com.google.firebase.components.ComponentRegistrar" />
122-->[com.google.firebase:firebase-firestore:23.0.0] AndroidManifest.xml:22:17-82
123            <meta-data
123-->[com.google.android.gms:play-services-measurement-api:19.0.0] AndroidManifest.xml:30:13-32:85
124                android:name="com.google.firebase.components:com.google.firebase.analytics.connector.internal.AnalyticsConnectorRegistrar"
124-->[com.google.android.gms:play-services-measurement-api:19.0.0] AndroidManifest.xml:31:17-139
125                android:value="com.google.firebase.components.ComponentRegistrar" />
125-->[com.google.android.gms:play-services-measurement-api:19.0.0] AndroidManifest.xml:32:17-82
126            <meta-data
126-->[com.google.firebase:firebase-installations:17.0.0] AndroidManifest.xml:18:13-20:85
127                android:name="com.google.firebase.components:com.google.firebase.installations.FirebaseInstallationsRegistrar"
127-->[com.google.firebase:firebase-installations:17.0.0] AndroidManifest.xml:19:17-127
128                android:value="com.google.firebase.components.ComponentRegistrar" />
128-->[com.google.firebase:firebase-installations:17.0.0] AndroidManifest.xml:20:17-82
129        </service>
130
131        <provider
131-->[:firebase_messaging] AndroidManifest.xml:39:9-43:38
132            android:name="io.flutter.plugins.firebase.messaging.FlutterFirebaseMessagingInitProvider"
132-->[:firebase_messaging] AndroidManifest.xml:40:13-102
133            android:authorities="com.wildvines.visitor_tracker.flutterfirebasemessaginginitprovider"
133-->[:firebase_messaging] AndroidManifest.xml:41:13-88
134            android:exported="false"
134-->[:firebase_messaging] AndroidManifest.xml:42:13-37
135            android:initOrder="99" />
135-->[:firebase_messaging] AndroidManifest.xml:43:13-35
136
137        <activity
137-->[:url_launcher] AndroidManifest.xml:8:9-11:74
138            android:name="io.flutter.plugins.urllauncher.WebViewActivity"
138-->[:url_launcher] AndroidManifest.xml:9:13-74
139            android:exported="false"
139-->[:url_launcher] AndroidManifest.xml:10:13-37
140            android:theme="@android:style/Theme.NoTitleBar.Fullscreen" />
140-->[:url_launcher] AndroidManifest.xml:11:13-71
141
142        <receiver android:name="com.dexterous.flutterlocalnotifications.ScheduledNotificationReceiver" />
142-->[:flutter_local_notifications] AndroidManifest.xml:12:9-106
142-->[:flutter_local_notifications] AndroidManifest.xml:12:19-103
143        <receiver android:name="com.dexterous.flutterlocalnotifications.ScheduledNotificationBootReceiver" >
143-->[:flutter_local_notifications] AndroidManifest.xml:13:9-20:20
143-->[:flutter_local_notifications] AndroidManifest.xml:13:19-107
144            <intent-filter>
144-->[:flutter_local_notifications] AndroidManifest.xml:14:13-19:29
145                <action android:name="android.intent.action.BOOT_COMPLETED" />
145-->[:flutter_local_notifications] AndroidManifest.xml:15:17-79
145-->[:flutter_local_notifications] AndroidManifest.xml:15:25-76
146                <action android:name="android.intent.action.MY_PACKAGE_REPLACED" />
146-->[:flutter_local_notifications] AndroidManifest.xml:16:17-84
146-->[:flutter_local_notifications] AndroidManifest.xml:16:25-81
147                <action android:name="android.intent.action.QUICKBOOT_POWERON" />
147-->[:flutter_local_notifications] AndroidManifest.xml:17:17-82
147-->[:flutter_local_notifications] AndroidManifest.xml:17:25-79
148                <action android:name="com.htc.intent.action.QUICKBOOT_POWERON" />
148-->[:flutter_local_notifications] AndroidManifest.xml:18:17-82
148-->[:flutter_local_notifications] AndroidManifest.xml:18:25-79
149            </intent-filter>
150        </receiver>
151        <receiver
151-->[com.google.firebase:firebase-messaging:22.0.0] AndroidManifest.xml:28:9-35:20
152            android:name="com.google.firebase.iid.FirebaseInstanceIdReceiver"
152-->[com.google.firebase:firebase-messaging:22.0.0] AndroidManifest.xml:29:13-78
153            android:exported="true"
153-->[com.google.firebase:firebase-messaging:22.0.0] AndroidManifest.xml:30:13-36
154            android:permission="com.google.android.c2dm.permission.SEND" >
154-->[com.google.firebase:firebase-messaging:22.0.0] AndroidManifest.xml:31:13-73
155            <intent-filter>
155-->[:firebase_messaging] AndroidManifest.xml:28:13-30:29
156                <action android:name="com.google.android.c2dm.intent.RECEIVE" />
156-->[:firebase_messaging] AndroidManifest.xml:29:17-81
156-->[:firebase_messaging] AndroidManifest.xml:29:25-78
157            </intent-filter>
158        </receiver>
159        <!--
160             FirebaseMessagingService performs security checks at runtime,
161             but set to not exported to explicitly avoid allowing another app to call it.
162        -->
163        <service
163-->[com.google.firebase:firebase-messaging:22.0.0] AndroidManifest.xml:41:9-48:19
164            android:name="com.google.firebase.messaging.FirebaseMessagingService"
164-->[com.google.firebase:firebase-messaging:22.0.0] AndroidManifest.xml:42:13-82
165            android:directBootAware="true"
165-->[com.google.firebase:firebase-messaging:22.0.0] AndroidManifest.xml:43:13-43
166            android:exported="false" >
166-->[com.google.firebase:firebase-messaging:22.0.0] AndroidManifest.xml:44:13-37
167            <intent-filter android:priority="-500" >
167-->[:firebase_messaging] AndroidManifest.xml:19:13-21:29
168                <action android:name="com.google.firebase.MESSAGING_EVENT" />
168-->[:firebase_messaging] AndroidManifest.xml:20:17-78
168-->[:firebase_messaging] AndroidManifest.xml:20:25-75
169            </intent-filter>
170        </service>
171        <service
171-->[com.google.android.datatransport:transport-backend-cct:3.0.0] AndroidManifest.xml:29:9-35:19
172            android:name="com.google.android.datatransport.runtime.backends.TransportBackendDiscovery"
172-->[com.google.android.datatransport:transport-backend-cct:3.0.0] AndroidManifest.xml:30:13-103
173            android:exported="false" >
173-->[com.google.android.datatransport:transport-backend-cct:3.0.0] AndroidManifest.xml:31:13-37
174            <meta-data
174-->[com.google.android.datatransport:transport-backend-cct:3.0.0] AndroidManifest.xml:32:13-34:39
175                android:name="backend:com.google.android.datatransport.cct.CctBackendFactory"
175-->[com.google.android.datatransport:transport-backend-cct:3.0.0] AndroidManifest.xml:33:17-94
176                android:value="cct" />
176-->[com.google.android.datatransport:transport-backend-cct:3.0.0] AndroidManifest.xml:34:17-36
177        </service>
178
179        <activity
179-->[com.google.firebase:firebase-auth:21.0.1] AndroidManifest.xml:27:9-44:20
180            android:name="com.google.firebase.auth.internal.GenericIdpActivity"
180-->[com.google.firebase:firebase-auth:21.0.1] AndroidManifest.xml:28:13-80
181            android:excludeFromRecents="true"
181-->[com.google.firebase:firebase-auth:21.0.1] AndroidManifest.xml:29:13-46
182            android:exported="true"
182-->[com.google.firebase:firebase-auth:21.0.1] AndroidManifest.xml:30:13-36
183            android:launchMode="singleTask"
183-->[com.google.firebase:firebase-auth:21.0.1] AndroidManifest.xml:31:13-44
184            android:theme="@android:style/Theme.Translucent.NoTitleBar" >
184-->[com.google.firebase:firebase-auth:21.0.1] AndroidManifest.xml:32:13-72
185            <intent-filter>
185-->[com.google.firebase:firebase-auth:21.0.1] AndroidManifest.xml:33:13-43:29
186                <action android:name="android.intent.action.VIEW" />
186-->[com.google.firebase:firebase-auth:21.0.1] AndroidManifest.xml:34:17-69
186-->[com.google.firebase:firebase-auth:21.0.1] AndroidManifest.xml:34:25-66
187
188                <category android:name="android.intent.category.DEFAULT" />
188-->src\main\AndroidManifest.xml:27:5-64
188-->src\main\AndroidManifest.xml:27:15-61
189                <category android:name="android.intent.category.BROWSABLE" />
189-->[com.google.firebase:firebase-auth:21.0.1] AndroidManifest.xml:37:17-78
189-->[com.google.firebase:firebase-auth:21.0.1] AndroidManifest.xml:37:27-75
190
191                <data
191-->[com.google.firebase:firebase-auth:21.0.1] AndroidManifest.xml:39:17-42:51
192                    android:host="firebase.auth"
192-->[com.google.firebase:firebase-auth:21.0.1] AndroidManifest.xml:40:21-49
193                    android:path="/"
193-->[com.google.firebase:firebase-auth:21.0.1] AndroidManifest.xml:41:21-37
194                    android:scheme="genericidp" />
194-->[com.google.firebase:firebase-auth:21.0.1] AndroidManifest.xml:42:21-48
195            </intent-filter>
196        </activity>
197        <activity
197-->[com.google.firebase:firebase-auth:21.0.1] AndroidManifest.xml:45:9-62:20
198            android:name="com.google.firebase.auth.internal.RecaptchaActivity"
198-->[com.google.firebase:firebase-auth:21.0.1] AndroidManifest.xml:46:13-79
199            android:excludeFromRecents="true"
199-->[com.google.firebase:firebase-auth:21.0.1] AndroidManifest.xml:47:13-46
200            android:exported="true"
200-->[com.google.firebase:firebase-auth:21.0.1] AndroidManifest.xml:48:13-36
201            android:launchMode="singleTask"
201-->[com.google.firebase:firebase-auth:21.0.1] AndroidManifest.xml:49:13-44
202            android:theme="@android:style/Theme.Translucent.NoTitleBar" >
202-->[com.google.firebase:firebase-auth:21.0.1] AndroidManifest.xml:50:13-72
203            <intent-filter>
203-->[com.google.firebase:firebase-auth:21.0.1] AndroidManifest.xml:51:13-61:29
204                <action android:name="android.intent.action.VIEW" />
204-->[com.google.firebase:firebase-auth:21.0.1] AndroidManifest.xml:34:17-69
204-->[com.google.firebase:firebase-auth:21.0.1] AndroidManifest.xml:34:25-66
205
206                <category android:name="android.intent.category.DEFAULT" />
206-->src\main\AndroidManifest.xml:27:5-64
206-->src\main\AndroidManifest.xml:27:15-61
207                <category android:name="android.intent.category.BROWSABLE" />
207-->[com.google.firebase:firebase-auth:21.0.1] AndroidManifest.xml:37:17-78
207-->[com.google.firebase:firebase-auth:21.0.1] AndroidManifest.xml:37:27-75
208
209                <data
209-->[com.google.firebase:firebase-auth:21.0.1] AndroidManifest.xml:39:17-42:51
210                    android:host="firebase.auth"
210-->[com.google.firebase:firebase-auth:21.0.1] AndroidManifest.xml:40:21-49
211                    android:path="/"
211-->[com.google.firebase:firebase-auth:21.0.1] AndroidManifest.xml:41:21-37
212                    android:scheme="recaptcha" />
212-->[com.google.firebase:firebase-auth:21.0.1] AndroidManifest.xml:42:21-48
213            </intent-filter>
214        </activity>
215
216        <service
216-->[com.google.firebase:firebase-auth:21.0.1] AndroidManifest.xml:64:9-73:19
217            android:name="com.google.firebase.auth.api.fallback.service.FirebaseAuthFallbackService"
217-->[com.google.firebase:firebase-auth:21.0.1] AndroidManifest.xml:65:13-101
218            android:enabled="true"
218-->[com.google.firebase:firebase-auth:21.0.1] AndroidManifest.xml:66:13-35
219            android:exported="false" >
219-->[com.google.firebase:firebase-auth:21.0.1] AndroidManifest.xml:67:13-37
220            <intent-filter>
220-->[com.google.firebase:firebase-auth:21.0.1] AndroidManifest.xml:68:13-72:29
221                <action android:name="com.google.firebase.auth.api.gms.service.START" />
221-->[com.google.firebase:firebase-auth:21.0.1] AndroidManifest.xml:69:17-89
221-->[com.google.firebase:firebase-auth:21.0.1] AndroidManifest.xml:69:25-86
222
223                <category android:name="android.intent.category.DEFAULT" />
223-->src\main\AndroidManifest.xml:27:5-64
223-->src\main\AndroidManifest.xml:27:15-61
224            </intent-filter>
225        </service>
226
227        <provider
227-->[com.google.firebase:firebase-common:20.0.0] AndroidManifest.xml:26:9-31:39
228            android:name="com.google.firebase.provider.FirebaseInitProvider"
228-->[com.google.firebase:firebase-common:20.0.0] AndroidManifest.xml:27:13-77
229            android:authorities="com.wildvines.visitor_tracker.firebaseinitprovider"
229-->[com.google.firebase:firebase-common:20.0.0] AndroidManifest.xml:28:13-72
230            android:directBootAware="true"
230-->[com.google.firebase:firebase-common:20.0.0] AndroidManifest.xml:29:13-43
231            android:exported="false"
231-->[com.google.firebase:firebase-common:20.0.0] AndroidManifest.xml:30:13-37
232            android:initOrder="100" />
232-->[com.google.firebase:firebase-common:20.0.0] AndroidManifest.xml:31:13-36
233
234        <activity
234-->[com.google.android.gms:play-services-auth:16.0.1] AndroidManifest.xml:23:9-27:75
235            android:name="com.google.android.gms.auth.api.signin.internal.SignInHubActivity"
235-->[com.google.android.gms:play-services-auth:16.0.1] AndroidManifest.xml:24:13-93
236            android:excludeFromRecents="true"
236-->[com.google.android.gms:play-services-auth:16.0.1] AndroidManifest.xml:25:13-46
237            android:exported="false"
237-->[com.google.android.gms:play-services-auth:16.0.1] AndroidManifest.xml:26:13-37
238            android:theme="@android:style/Theme.Translucent.NoTitleBar" />
238-->[com.google.android.gms:play-services-auth:16.0.1] AndroidManifest.xml:27:13-72
239        <!--
240            Service handling Google Sign-In user revocation. For apps that do not integrate with
241            Google Sign-In, this service will never be started.
242        -->
243        <service
243-->[com.google.android.gms:play-services-auth:16.0.1] AndroidManifest.xml:33:9-36:110
244            android:name="com.google.android.gms.auth.api.signin.RevocationBoundService"
244-->[com.google.android.gms:play-services-auth:16.0.1] AndroidManifest.xml:34:13-89
245            android:exported="true"
245-->[com.google.android.gms:play-services-auth:16.0.1] AndroidManifest.xml:35:13-36
246            android:permission="com.google.android.gms.auth.api.signin.permission.REVOCATION_NOTIFICATION" />
246-->[com.google.android.gms:play-services-auth:16.0.1] AndroidManifest.xml:36:13-107
247
248        <receiver
248-->[com.google.android.gms:play-services-measurement:19.0.0] AndroidManifest.xml:29:9-33:20
249            android:name="com.google.android.gms.measurement.AppMeasurementReceiver"
249-->[com.google.android.gms:play-services-measurement:19.0.0] AndroidManifest.xml:30:13-85
250            android:enabled="true"
250-->[com.google.android.gms:play-services-measurement:19.0.0] AndroidManifest.xml:31:13-35
251            android:exported="false" >
251-->[com.google.android.gms:play-services-measurement:19.0.0] AndroidManifest.xml:32:13-37
252        </receiver>
253
254        <service
254-->[com.google.android.gms:play-services-measurement:19.0.0] AndroidManifest.xml:35:9-38:40
255            android:name="com.google.android.gms.measurement.AppMeasurementService"
255-->[com.google.android.gms:play-services-measurement:19.0.0] AndroidManifest.xml:36:13-84
256            android:enabled="true"
256-->[com.google.android.gms:play-services-measurement:19.0.0] AndroidManifest.xml:37:13-35
257            android:exported="false" />
257-->[com.google.android.gms:play-services-measurement:19.0.0] AndroidManifest.xml:38:13-37
258        <service
258-->[com.google.android.gms:play-services-measurement:19.0.0] AndroidManifest.xml:39:9-43:72
259            android:name="com.google.android.gms.measurement.AppMeasurementJobService"
259-->[com.google.android.gms:play-services-measurement:19.0.0] AndroidManifest.xml:40:13-87
260            android:enabled="true"
260-->[com.google.android.gms:play-services-measurement:19.0.0] AndroidManifest.xml:41:13-35
261            android:exported="false"
261-->[com.google.android.gms:play-services-measurement:19.0.0] AndroidManifest.xml:42:13-37
262            android:permission="android.permission.BIND_JOB_SERVICE" />
262-->[com.google.android.gms:play-services-measurement:19.0.0] AndroidManifest.xml:43:13-69
263
264        <activity
264-->[com.google.android.gms:play-services-base:17.1.0] AndroidManifest.xml:23:9-26:75
265            android:name="com.google.android.gms.common.api.GoogleApiActivity"
265-->[com.google.android.gms:play-services-base:17.1.0] AndroidManifest.xml:24:13-79
266            android:exported="false"
266-->[com.google.android.gms:play-services-base:17.1.0] AndroidManifest.xml:25:13-37
267            android:theme="@android:style/Theme.Translucent.NoTitleBar" />
267-->[com.google.android.gms:play-services-base:17.1.0] AndroidManifest.xml:26:13-72
268
269        <meta-data
269-->[com.google.android.gms:play-services-basement:17.1.0] AndroidManifest.xml:23:9-25:69
270            android:name="com.google.android.gms.version"
270-->[com.google.android.gms:play-services-basement:17.1.0] AndroidManifest.xml:24:13-58
271            android:value="@integer/google_play_services_version" />
271-->[com.google.android.gms:play-services-basement:17.1.0] AndroidManifest.xml:25:13-66
272
273        <service
273-->[com.google.android.datatransport:transport-runtime:3.0.0] AndroidManifest.xml:26:9-30:19
274            android:name="com.google.android.datatransport.runtime.scheduling.jobscheduling.JobInfoSchedulerService"
274-->[com.google.android.datatransport:transport-runtime:3.0.0] AndroidManifest.xml:27:13-117
275            android:exported="false"
275-->[com.google.android.datatransport:transport-runtime:3.0.0] AndroidManifest.xml:28:13-37
276            android:permission="android.permission.BIND_JOB_SERVICE" >
276-->[com.google.android.datatransport:transport-runtime:3.0.0] AndroidManifest.xml:29:13-69
277        </service>
278
279        <receiver
279-->[com.google.android.datatransport:transport-runtime:3.0.0] AndroidManifest.xml:32:9-34:40